<?xml version="1.0" encoding="UTF-8"?>
<!-- Generated by org.testng.reporters.JUnitReportReporter -->
<testsuite hostname="LAPTOP-LVLR9NPK" failures="0" tests="1" name="com.busyqa.test.TestCases.TC01_LoginTest" time="116.239" errors="0" timestamp="2020-05-17T15:58:15 EDT" skipped="0">
  <testcase classname="com.busyqa.test.TestCases.TC01_LoginTest" name="loginTest01" time="116.239"/>
  <system-out>
Screen Shot Taken  </system-out>
</testsuite> <!-- com.busyqa.test.TestCases.TC01_LoginTest -->
