<?xml version="1.0" encoding="UTF-8"?>
<!-- Generated by org.testng.reporters.JUnitReportReporter -->
<testsuite hostname="LAPTOP-LVLR9NPK" failures="0" tests="2" name="testng.DataProviderTest" time="8.594" errors="0" timestamp="2020-05-13T11:12:04 EDT" skipped="0">
  <testcase classname="testng.DataProviderTest" name="test" time="4.459"/>
  <system-out/>
  <testcase classname="testng.DataProviderTest" name="test" time="4.135"/>
  <system-out/>
</testsuite> <!-- testng.DataProviderTest -->
