<?xml version="1.0" encoding="UTF-8"?>
<!-- Generated by org.testng.reporters.JUnitReportReporter -->
<testsuite hostname="LAPTOP-LVLR9NPK" failures="0" tests="5" name="testng.InvocationCount" time="0.077" errors="0" timestamp="2020-05-11T12:28:04 EDT" skipped="0">
  <testcase classname="testng.InvocationCount" name="test6" time="0.006"/>
  <system-out/>
  <testcase classname="testng.InvocationCount" name="test6" time="0.045"/>
  <system-out/>
  <testcase classname="testng.InvocationCount" name="test6" time="0.009"/>
  <system-out/>
  <testcase classname="testng.InvocationCount" name="test6" time="0.011"/>
  <system-out/>
  <testcase classname="testng.InvocationCount" name="test6" time="0.006"/>
  <system-out/>
</testsuite> <!-- testng.InvocationCount -->
