<?xml version="1.0" encoding="UTF-8"?>
<!-- Generated by org.testng.reporters.JUnitReportReporter -->
<testsuite hostname="LAPTOP-LVLR9NPK" failures="0" tests="2" name="testng.TestNGTestAnnotationsKK" time="0.042" errors="0" timestamp="2020-05-11T12:04:40 EDT" skipped="0">
  <testcase classname="testng.TestNGTestAnnotationsKK" name="test1" time="0.021"/>
  <system-out/>
  <testcase classname="testng.TestNGTestAnnotationsKK" name="test2" time="0.021"/>
  <system-out/>
</testsuite> <!-- testng.TestNGTestAnnotationsKK -->
