<?xml version="1.0" encoding="UTF-8"?>
<!-- Generated by org.testng.reporters.JUnitReportReporter -->
<testsuite hostname="LAPTOP-LVLR9NPK" failures="0" tests="3" name="testng.TestNGTest" time="0.028" errors="0" timestamp="2020-05-11T12:30:25 EDT" skipped="1">
  <testcase classname="testng.TestNGTest" name="test2" time="0.021"/>
  <system-out/>
  <testcase classname="testng.TestNGTest" name="test3" time="0.007"/>
  <system-out/>
  <testcase classname="testng.TestNGTest" name="test1">
    <skipped/>
  </testcase> <!-- test1 -->
  <system-out/>
</testsuite> <!-- testng.TestNGTest -->
